Using pre-set license
Built from '2020.2/release' branch; Version is '2020.2.4f1 (becced5a802b) revision 12504301'; Using compiler version '192528614'; Build Type 'Release'
OS: 'Windows 10 Home Single Language; OS build 18363.1440; Version 1909; 64bit' Language: 'es' Physical Memory: 16247 MB
BatchMode: 1, IsHumanControllingUs: 0, StartBugReporterOnCrash: 0, Is64bit: 1, IsPro: 0

 COMMAND LINE ARGUMENTS:
D:\Unity\2020.2.4f1\Editor\Unity.exe
-adb2
-batchMode
-noUpm
-name
AssetImportWorker0
-projectPath
D:/CODING/GitHub/GameJamTec
-logFile
Logs/AssetImportWorker0.log
-srvPort
61857
Successfully changed project path to: D:/CODING/GitHub/GameJamTec
D:/CODING/GitHub/GameJamTec
Using Asset Import Pipeline V2.
Refreshing native plugins compatible for Editor in 59.52 ms, found 1 plugins.
Preloading 0 native plugins for Editor in 0.00 ms.
Initialize engine version: 2020.2.4f1 (becced5a802b)
[Subsystems] Discovering subsystems at path D:/Unity/2020.2.4f1/Editor/Data/Resources/UnitySubsystems
[Subsystems] Discovering subsystems at path D:/CODING/GitHub/GameJamTec/Assets
GfxDevice: creating device client; threaded=0
Direct3D:
    Version:  Direct3D 11.0 [level 11.1]
    Renderer: NVIDIA GeForce GTX 970M (ID=0x13d8)
    Vendor:   
    VRAM:     3032 MB
    Driver:   27.21.14.6192
Initialize mono
Mono path[0] = 'D:/Unity/2020.2.4f1/Editor/Data/Managed'
Mono path[1] = 'D:/Unity/2020.2.4f1/Editor/Data/MonoBleedingEdge/lib/mono/unityjit'
Mono config path = 'D:/Unity/2020.2.4f1/Editor/Data/MonoBleedingEdge/etc'
Using monoOptions --debugger-agent=transport=dt_socket,embedding=1,server=y,suspend=n,address=127.0.0.1:56244
Begin MonoManager ReloadAssembly
Registering precompiled unity dll's ...
Register platform support module: D:/Unity/2020.2.4f1/Editor/Data/PlaybackEngines/WebGLSupport/UnityEditor.WebGL.Extensions.dll
Register platform support module: D:/Unity/2020.2.4f1/Editor/Data/PlaybackEngines/MacStandaloneSupport/UnityEditor.OSXStandalone.Extensions.dll
Register platform support module: D:/Unity/2020.2.4f1/Editor/Data/PlaybackEngines/WindowsStandaloneSupport/UnityEditor.WindowsStandalone.Extensions.dll
Registered in 0.007182 seconds.
Native extension for WindowsStandalone target not found
Native extension for OSXStandalone target not found
Native extension for WebGL target not found
Refreshing native plugins compatible for Editor in 62.06 ms, found 1 plugins.
Preloading 0 native plugins for Editor in 0.00 ms.
Invoked RoslynAnalysisRunner static constructor.
RoslynAnalysisRunner will not be running.
RoslynAnalysisRunner has terminated.
Mono: successfully reloaded assembly
- Completed reload, in  2.881 seconds
Platform modules already initialized, skipping
Registering precompiled user dll's ...
Registered in 0.002001 seconds.
Begin MonoManager ReloadAssembly
Native extension for WindowsStandalone target not found
Native extension for OSXStandalone target not found
Native extension for WebGL target not found
Refreshing native plugins compatible for Editor in 52.05 ms, found 1 plugins.
Preloading 0 native plugins for Editor in 0.00 ms.
Invoked RoslynAnalysisRunner static constructor.
RoslynAnalysisRunner will not be running.
RoslynAnalysisRunner has terminated.
Mono: successfully reloaded assembly
- Completed reload, in  1.677 seconds
Platform modules already initialized, skipping
========================================================================
Worker process is ready to serve import requests
Launched and connected shader compiler UnityShaderCompiler.exe after 0.26 seconds
Refreshing native plugins compatible for Editor in 0.89 ms, found 1 plugins.
Preloading 0 native plugins for Editor in 0.00 ms.
Unloading 1797 Unused Serialized files (Serialized files now loaded: 0)
System memory in use before: 84.3 MB.
System memory in use after: 84.3 MB.

Unloading 24 unused Assets to reduce memory usage. Loaded Objects now: 2238.
Total: 4.079900 ms (FindLiveObjects: 0.455300 ms CreateObjectMapping: 0.635900 ms MarkObjects: 2.727100 ms  DeleteObjects: 0.259700 ms)

========================================================================
Received Import Request.
  path: Assets
  artifactKey: Guid(00000000000000001000000000000000) Importer(815301076,1909f56bfc062723c751e8b465ee728b)
Start importing Assets using Guid(00000000000000001000000000000000) Importer(815301076,1909f56bfc062723c751e8b465ee728b)  -> (artifact id: 'edc3feb264a98656617d3c2cb59c8f16') in 0.015417 seconds
  Import took 0.272772 seconds .

========================================================================
Received Import Request.
  Time since last request: 0.000399 seconds.
  path: Assets/Scripts
  artifactKey: Guid(b7146d8680eb13d49985a748b65825f6) Importer(815301076,1909f56bfc062723c751e8b465ee728b)
Start importing Assets/Scripts using Guid(b7146d8680eb13d49985a748b65825f6) Importer(815301076,1909f56bfc062723c751e8b465ee728b)  -> (artifact id: 'd5551ad7d156ce474c8e9895b0661241') in 0.011186 seconds
  Import took 0.368032 seconds .

========================================================================
Received Import Request.
  Time since last request: 0.656475 seconds.
  path: Assets/Sprites
  artifactKey: Guid(e5e7adf1b50a26b41949ba7446fd1b1c) Importer(815301076,1909f56bfc062723c751e8b465ee728b)
Start importing Assets/Sprites using Guid(e5e7adf1b50a26b41949ba7446fd1b1c) Importer(815301076,1909f56bfc062723c751e8b465ee728b)  -> (artifact id: '1eb38a6d2760e6b84473ba18a7f08038') in 0.011810 seconds
  Import took 0.091238 seconds .

========================================================================
Received Import Request.
  Time since last request: 5.111622 seconds.
  path: Assets/SFX
  artifactKey: Guid(b8e7d13ff3c4be04e921dcbcd3d41c17) Importer(815301076,1909f56bfc062723c751e8b465ee728b)
Start importing Assets/SFX using Guid(b8e7d13ff3c4be04e921dcbcd3d41c17) Importer(815301076,1909f56bfc062723c751e8b465ee728b)  -> (artifact id: 'd87b4d7bc2745c34f01fd91abf0d210e') in 0.018014 seconds
  Import took 0.247171 seconds .

========================================================================
Received Import Request.
  Time since last request: 429.536526 seconds.
  path: Assets/Materials
  artifactKey: Guid(bee6186a3b2356e4fbd742a9e9ffc9f8) Importer(815301076,1909f56bfc062723c751e8b465ee728b)
Start importing Assets/Materials using Guid(bee6186a3b2356e4fbd742a9e9ffc9f8) Importer(815301076,1909f56bfc062723c751e8b465ee728b)  -> (artifact id: 'af473231e39124071d7ec6496c46bb85') in 0.011588 seconds
  Import took 0.183281 seconds .

========================================================================
Received Import Request.
  Time since last request: 18.305798 seconds.
  path: Assets/Animations
  artifactKey: Guid(f6c294e2e0201e94b9b942ac26bbcb4d) Importer(815301076,1909f56bfc062723c751e8b465ee728b)
Start importing Assets/Animations using Guid(f6c294e2e0201e94b9b942ac26bbcb4d) Importer(815301076,1909f56bfc062723c751e8b465ee728b)  -> (artifact id: '673c3c14b50013ab95e38fea6ca21609') in 0.013673 seconds
  Import took 0.045277 seconds .

========================================================================
Received Import Request.
  Time since last request: 0.000504 seconds.
  path: Assets/Animations
  artifactKey: Guid(f6c294e2e0201e94b9b942ac26bbcb4d) Importer(815301076,1909f56bfc062723c751e8b465ee728b)
Start importing Assets/Animations using Guid(f6c294e2e0201e94b9b942ac26bbcb4d) Importer(815301076,1909f56bfc062723c751e8b465ee728b)  -> (artifact id: '673c3c14b50013ab95e38fea6ca21609') in 0.004921 seconds
  Import took 0.035731 seconds .

========================================================================
Received Import Request.
  Time since last request: 13.497174 seconds.
  path: Assets/Music
  artifactKey: Guid(a0689277ae4ad1b468055171b695913d) Importer(815301076,1909f56bfc062723c751e8b465ee728b)
Start importing Assets/Music using Guid(a0689277ae4ad1b468055171b695913d) Importer(815301076,1909f56bfc062723c751e8b465ee728b)  -> (artifact id: '8b9a89b5bcfc0c98af654c20d9d82732') in 0.015100 seconds
  Import took 0.225534 seconds .

AssetImportWorkerClient::OnTransportError - code=2 error=End of file
